[18-Jun-2020 19:31:34 UTC] require child navwalker
[18-Jun-2020 19:31:34 UTC] /home/365388.cloudwaysapps.com/wgtrxwbxun/public_html/wp-content/themes/wp-bootstrap-starter/inc/wp_bootstrap_navwalker.php
[18-Jun-2020 19:31:35 UTC] require child navwalker
[18-Jun-2020 19:31:35 UTC] /home/365388.cloudwaysapps.com/wgtrxwbxun/public_html/wp-content/themes/wp-bootstrap-starter/inc/wp_bootstrap_navwalker.php
[18-Jun-2020 19:32:25 UTC] require child navwalker
[18-Jun-2020 19:32:25 UTC] https://laaldea.co/wp-content/themes/wpb-child/inc/wp_bootstrap_navwalker.php
[18-Jun-2020 19:32:25 UTC] PHP Warning:  require_once(): https:// wrapper is disabled in the server configuration by allow_url_include=0 in /home/365388.cloudwaysapps.com/wgtrxwbxun/public_html/wp-content/themes/wpb-child/functions.php on line 104
[18-Jun-2020 19:32:25 UTC] PHP Warning:  require_once(https://laaldea.co/wp-content/themes/wpb-child/inc/wp_bootstrap_navwalker.php): failed to open stream: no suitable wrapper could be found in /home/365388.cloudwaysapps.com/wgtrxwbxun/public_html/wp-content/themes/wpb-child/functions.php on line 104
[18-Jun-2020 19:32:25 UTC] PHP Fatal error:  require_once(): Failed opening required 'https://laaldea.co/wp-content/themes/wpb-child/inc/wp_bootstrap_navwalker.php' (include_path='.:/usr/share/php') in /home/365388.cloudwaysapps.com/wgtrxwbxun/public_html/wp-content/themes/wpb-child/functions.php on line 104
[18-Jun-2020 19:33:22 UTC] require child navwalker
[18-Jun-2020 19:33:22 UTC] https://laaldea.co/wp-content/themes/wpb-child/inc/wp_bootstrap_navwalker.php
[18-Jun-2020 19:33:22 UTC] PHP Warning:  require_once(): https:// wrapper is disabled in the server configuration by allow_url_include=0 in /home/365388.cloudwaysapps.com/wgtrxwbxun/public_html/wp-content/themes/wpb-child/functions.php on line 104
[18-Jun-2020 19:33:22 UTC] PHP Warning:  require_once(https://laaldea.co/wp-content/themes/wpb-child/inc/wp_bootstrap_navwalker.php): failed to open stream: no suitable wrapper could be found in /home/365388.cloudwaysapps.com/wgtrxwbxun/public_html/wp-content/themes/wpb-child/functions.php on line 104
[18-Jun-2020 19:33:22 UTC] PHP Fatal error:  require_once(): Failed opening required 'https://laaldea.co/wp-content/themes/wpb-child/inc/wp_bootstrap_navwalker.php' (include_path='.:/usr/share/php') in /home/365388.cloudwaysapps.com/wgtrxwbxun/public_html/wp-content/themes/wpb-child/functions.php on line 104
[18-Jun-2020 19:33:24 UTC] require child navwalker
[18-Jun-2020 19:33:24 UTC] https://laaldea.co/wp-content/themes/wpb-child/inc/wp_bootstrap_navwalker.php
[18-Jun-2020 19:33:24 UTC] PHP Warning:  require_once(): https:// wrapper is disabled in the server configuration by allow_url_include=0 in /home/365388.cloudwaysapps.com/wgtrxwbxun/public_html/wp-content/themes/wpb-child/functions.php on line 104
[18-Jun-2020 19:33:24 UTC] PHP Warning:  require_once(https://laaldea.co/wp-content/themes/wpb-child/inc/wp_bootstrap_navwalker.php): failed to open stream: no suitable wrapper could be found in /home/365388.cloudwaysapps.com/wgtrxwbxun/public_html/wp-content/themes/wpb-child/functions.php on line 104
[18-Jun-2020 19:33:24 UTC] PHP Fatal error:  require_once(): Failed opening required 'https://laaldea.co/wp-content/themes/wpb-child/inc/wp_bootstrap_navwalker.php' (include_path='.:/usr/share/php') in /home/365388.cloudwaysapps.com/wgtrxwbxun/public_html/wp-content/themes/wpb-child/functions.php on line 104
[18-Jun-2020 19:34:14 UTC] require child navwalker
[18-Jun-2020 19:34:14 UTC] https://laaldea.co/wp-content/themes/wpb-child/inc/wp_bootstrap_navwalker.php
[18-Jun-2020 19:34:15 UTC] require child navwalker
[18-Jun-2020 19:34:15 UTC] https://laaldea.co/wp-content/themes/wpb-child/inc/wp_bootstrap_navwalker.php
[18-Jun-2020 19:35:22 UTC] require child navwalker
[18-Jun-2020 19:35:22 UTC] https://laaldea.co/wp-content/themes/wpb-child/inc/wp_bootstrap_navwalker.php
[18-Jun-2020 19:36:12 UTC] require child navwalker
[18-Jun-2020 19:36:12 UTC] https://laaldea.co/wp-content/themes/wpb-child/inc/wp_bootstrap_navwalker.php
[18-Jun-2020 19:37:14 UTC] require child navwalker
[18-Jun-2020 19:37:14 UTC] https://laaldea.co/wp-content/themes/wpb-child/inc/wp_bootstrap_navwalker.php
[18-Jun-2020 19:37:14 UTC] PHP Warning:  require_once(): https:// wrapper is disabled in the server configuration by allow_url_include=0 in /home/365388.cloudwaysapps.com/wgtrxwbxun/public_html/wp-content/themes/wpb-child/functions.php on line 104
[18-Jun-2020 19:37:14 UTC] PHP Warning:  require_once(https://laaldea.co/wp-content/themes/wpb-child/inc/wp_bootstrap_navwalker.php): failed to open stream: no suitable wrapper could be found in /home/365388.cloudwaysapps.com/wgtrxwbxun/public_html/wp-content/themes/wpb-child/functions.php on line 104
[18-Jun-2020 19:37:14 UTC] PHP Fatal error:  require_once(): Failed opening required 'https://laaldea.co/wp-content/themes/wpb-child/inc/wp_bootstrap_navwalker.php' (include_path='.:/usr/share/php') in /home/365388.cloudwaysapps.com/wgtrxwbxun/public_html/wp-content/themes/wpb-child/functions.php on line 104
[18-Jun-2020 19:37:15 UTC] require child navwalker
[18-Jun-2020 19:37:15 UTC] https://laaldea.co/wp-content/themes/wpb-child/inc/wp_bootstrap_navwalker.php
[18-Jun-2020 19:37:15 UTC] PHP Warning:  require_once(): https:// wrapper is disabled in the server configuration by allow_url_include=0 in /home/365388.cloudwaysapps.com/wgtrxwbxun/public_html/wp-content/themes/wpb-child/functions.php on line 104
[18-Jun-2020 19:37:15 UTC] PHP Warning:  require_once(https://laaldea.co/wp-content/themes/wpb-child/inc/wp_bootstrap_navwalker.php): failed to open stream: no suitable wrapper could be found in /home/365388.cloudwaysapps.com/wgtrxwbxun/public_html/wp-content/themes/wpb-child/functions.php on line 104
[18-Jun-2020 19:37:15 UTC] PHP Fatal error:  require_once(): Failed opening required 'https://laaldea.co/wp-content/themes/wpb-child/inc/wp_bootstrap_navwalker.php' (include_path='.:/usr/share/php') in /home/365388.cloudwaysapps.com/wgtrxwbxun/public_html/wp-content/themes/wpb-child/functions.php on line 104
[18-Jun-2020 19:37:17 UTC] require child navwalker
[18-Jun-2020 19:37:17 UTC] https://laaldea.co/wp-content/themes/wpb-child/inc/wp_bootstrap_navwalker.php
[18-Jun-2020 19:37:17 UTC] PHP Warning:  require_once(): https:// wrapper is disabled in the server configuration by allow_url_include=0 in /home/365388.cloudwaysapps.com/wgtrxwbxun/public_html/wp-content/themes/wpb-child/functions.php on line 104
[18-Jun-2020 19:37:17 UTC] PHP Warning:  require_once(https://laaldea.co/wp-content/themes/wpb-child/inc/wp_bootstrap_navwalker.php): failed to open stream: no suitable wrapper could be found in /home/365388.cloudwaysapps.com/wgtrxwbxun/public_html/wp-content/themes/wpb-child/functions.php on line 104
[18-Jun-2020 19:37:17 UTC] PHP Fatal error:  require_once(): Failed opening required 'https://laaldea.co/wp-content/themes/wpb-child/inc/wp_bootstrap_navwalker.php' (include_path='.:/usr/share/php') in /home/365388.cloudwaysapps.com/wgtrxwbxun/public_html/wp-content/themes/wpb-child/functions.php on line 104
[18-Jun-2020 19:37:29 UTC] require child navwalker
[18-Jun-2020 19:37:29 UTC] https://laaldea.co/wp-content/themes/wpb-child/inc/wp_bootstrap_navwalker.php
[18-Jun-2020 19:37:30 UTC] require child navwalker
[18-Jun-2020 19:37:30 UTC] https://laaldea.co/wp-content/themes/wpb-child/inc/wp_bootstrap_navwalker.php
[18-Jun-2020 19:37:54 UTC] require child navwalker
[18-Jun-2020 19:37:54 UTC] https://laaldea.co/wp-content/themes/wpb-child/inc/wp_bootstrap_navwalker.php
[18-Jun-2020 19:37:54 UTC] require child navwalker
[18-Jun-2020 19:37:54 UTC] https://laaldea.co/wp-content/themes/wpb-child/inc/wp_bootstrap_navwalker.php
[18-Jun-2020 19:37:54 UTC] require child navwalker
[18-Jun-2020 19:37:54 UTC] https://laaldea.co/wp-content/themes/wpb-child/inc/wp_bootstrap_navwalker.php
[18-Jun-2020 19:37:55 UTC] require child navwalker
[18-Jun-2020 19:37:55 UTC] https://laaldea.co/wp-content/themes/wpb-child/inc/wp_bootstrap_navwalker.php
[18-Jun-2020 19:37:55 UTC] require child navwalker
[18-Jun-2020 19:37:55 UTC] https://laaldea.co/wp-content/themes/wpb-child/inc/wp_bootstrap_navwalker.php
[18-Jun-2020 19:38:25 UTC] require child navwalker
[18-Jun-2020 19:38:25 UTC] https://laaldea.co/wp-content/themes/wpb-child/inc/wp_bootstrap_navwalker.php
[18-Jun-2020 19:38:25 UTC] require child navwalker
[18-Jun-2020 19:38:25 UTC] https://laaldea.co/wp-content/themes/wpb-child/inc/wp_bootstrap_navwalker.php
[18-Jun-2020 19:39:15 UTC] require child navwalker
[18-Jun-2020 19:39:15 UTC] https://laaldea.co/wp-content/themes/wpb-child/inc/wp_bootstrap_navwalker.php
[18-Jun-2020 19:41:16 UTC] require child navwalker
[18-Jun-2020 19:41:16 UTC] https://laaldea.co/wp-content/themes/wpb-child/inc/wp_bootstrap_navwalker.php
[18-Jun-2020 19:41:27 UTC] require child navwalker
[18-Jun-2020 19:41:27 UTC] /home/365388.cloudwaysapps.com/wgtrxwbxun/public_html/wp-content/themes/wp-bootstrap-starter
[18-Jun-2020 19:41:27 UTC] https://laaldea.co/wp-content/themes/wpb-child/inc/wp_bootstrap_navwalker.php
[18-Jun-2020 19:41:28 UTC] require child navwalker
[18-Jun-2020 19:41:28 UTC] /home/365388.cloudwaysapps.com/wgtrxwbxun/public_html/wp-content/themes/wp-bootstrap-starter
[18-Jun-2020 19:41:28 UTC] https://laaldea.co/wp-content/themes/wpb-child/inc/wp_bootstrap_navwalker.php
[18-Jun-2020 19:42:48 UTC] PHP Warning:  require_once(): https:// wrapper is disabled in the server configuration by allow_url_include=0 in /home/365388.cloudwaysapps.com/wgtrxwbxun/public_html/wp-content/themes/wpb-child/functions.php on line 107
[18-Jun-2020 19:42:48 UTC] PHP Warning:  require_once(https://laaldea.co/wp-content/themes/wpb-child/inc/wp_bootstrap_navwalker.php): failed to open stream: no suitable wrapper could be found in /home/365388.cloudwaysapps.com/wgtrxwbxun/public_html/wp-content/themes/wpb-child/functions.php on line 107
[18-Jun-2020 19:42:48 UTC] PHP Fatal error:  require_once(): Failed opening required 'https://laaldea.co/wp-content/themes/wpb-child/inc/wp_bootstrap_navwalker.php' (include_path='.:/usr/share/php') in /home/365388.cloudwaysapps.com/wgtrxwbxun/public_html/wp-content/themes/wpb-child/functions.php on line 107
[18-Jun-2020 19:43:25 UTC] https://laaldea.co/wp-content/themes/wpb-child/inc/wp_bootstrap_navwalker.php
[18-Jun-2020 19:43:26 UTC] https://laaldea.co/wp-content/themes/wpb-child/inc/wp_bootstrap_navwalker.php
[18-Jun-2020 19:45:06 UTC] https://laaldea.co/wp-content/themes/wp-bootstrap-starter
[18-Jun-2020 19:45:06 UTC] https://laaldea.co/wp-content/themes/wpb-child
[18-Jun-2020 19:45:06 UTC] https://laaldea.co/wp-content/themes/wpb-child/inc/wp_bootstrap_navwalker.php
[18-Jun-2020 19:45:07 UTC] https://laaldea.co/wp-content/themes/wp-bootstrap-starter
[18-Jun-2020 19:45:07 UTC] https://laaldea.co/wp-content/themes/wpb-child
[18-Jun-2020 19:45:07 UTC] https://laaldea.co/wp-content/themes/wpb-child/inc/wp_bootstrap_navwalker.php
[18-Jun-2020 19:45:18 UTC] https://laaldea.co/wp-content/themes/wp-bootstrap-starter
[18-Jun-2020 19:45:18 UTC] https://laaldea.co/wp-content/themes/wpb-child
[18-Jun-2020 19:45:18 UTC] https://laaldea.co/wp-content/themes/wpb-child/inc/wp_bootstrap_navwalker.php
[18-Jun-2020 19:45:52 UTC] https://laaldea.co/wp-content/themes/wp-bootstrap-starter
[18-Jun-2020 19:45:52 UTC] https://laaldea.co/wp-content/themes/wpb-child
[18-Jun-2020 19:45:52 UTC] https://laaldea.co/wp-content/themes/wpb-child/inc/wp_bootstrap_navwalker.php
[18-Jun-2020 19:45:52 UTC] https://laaldea.co/wp-content/themes/wp-bootstrap-starter
[18-Jun-2020 19:45:52 UTC] https://laaldea.co/wp-content/themes/wpb-child
[18-Jun-2020 19:45:52 UTC] https://laaldea.co/wp-content/themes/wpb-child/inc/wp_bootstrap_navwalker.php
[18-Jun-2020 19:45:52 UTC] Adding class
[18-Jun-2020 19:46:52 UTC] https://laaldea.co/wp-content/themes/wp-bootstrap-starter
[18-Jun-2020 19:46:52 UTC] https://laaldea.co/wp-content/themes/wpb-child
[18-Jun-2020 19:46:52 UTC] /wp-content/themes/wpb-child/inc/wp_bootstrap_navwalker.php
[18-Jun-2020 19:46:52 UTC] PHP Warning:  require_once(/wp-content/themes/wpb-child/inc/wp_bootstrap_navwalker.php): failed to open stream: No such file or directory in /home/365388.cloudwaysapps.com/wgtrxwbxun/public_html/wp-content/themes/wpb-child/functions.php on line 108
[18-Jun-2020 19:46:52 UTC] PHP Fatal error:  require_once(): Failed opening required '/wp-content/themes/wpb-child/inc/wp_bootstrap_navwalker.php' (include_path='.:/usr/share/php') in /home/365388.cloudwaysapps.com/wgtrxwbxun/public_html/wp-content/themes/wpb-child/functions.php on line 108
[18-Jun-2020 19:47:02 UTC] https://laaldea.co/wp-content/themes/wp-bootstrap-starter
[18-Jun-2020 19:47:02 UTC] https://laaldea.co/wp-content/themes/wpb-child
[18-Jun-2020 19:47:02 UTC] /wp-content/themes/wpb-child/inc/wp_bootstrap_navwalker.php
[18-Jun-2020 19:47:03 UTC] https://laaldea.co/wp-content/themes/wp-bootstrap-starter
[18-Jun-2020 19:47:03 UTC] https://laaldea.co/wp-content/themes/wpb-child
[18-Jun-2020 19:47:03 UTC] /wp-content/themes/wpb-child/inc/wp_bootstrap_navwalker.php
[18-Jun-2020 19:47:19 UTC] https://laaldea.co/wp-content/themes/wp-bootstrap-starter
[18-Jun-2020 19:47:19 UTC] https://laaldea.co/wp-content/themes/wpb-child
[18-Jun-2020 19:47:19 UTC] /wp-content/themes/wpb-child/inc/wp_bootstrap_navwalker.php
[18-Jun-2020 19:48:58 UTC] https://laaldea.co/wp-content/themes/wp-bootstrap-starter
[18-Jun-2020 19:48:58 UTC] https://laaldea.co/wp-content/themes/wpb-child
[18-Jun-2020 19:48:58 UTC] /wp-content/themes/wpb-child/inc/wp_bootstrap_navwalker.php
[18-Jun-2020 19:48:58 UTC] using child navwalker
[18-Jun-2020 19:48:58 UTC] using child navwalker
[18-Jun-2020 19:48:58 UTC] using child navwalker
[18-Jun-2020 19:48:58 UTC] using child navwalker
[18-Jun-2020 19:48:58 UTC] using child navwalker
[18-Jun-2020 19:48:58 UTC] using child navwalker
[18-Jun-2020 19:48:58 UTC] using child navwalker
[18-Jun-2020 19:48:58 UTC] using child navwalker
[18-Jun-2020 19:48:58 UTC] using child navwalker
[18-Jun-2020 19:48:58 UTC] using child navwalker
[18-Jun-2020 19:48:58 UTC] using child navwalker
[18-Jun-2020 19:48:58 UTC] using child navwalker
[18-Jun-2020 19:48:58 UTC] using child navwalker
[18-Jun-2020 19:48:58 UTC] using child navwalker
[18-Jun-2020 19:48:58 UTC] using child navwalker
[18-Jun-2020 19:48:58 UTC] using child navwalker
[18-Jun-2020 19:48:59 UTC] https://laaldea.co/wp-content/themes/wp-bootstrap-starter
[18-Jun-2020 19:48:59 UTC] https://laaldea.co/wp-content/themes/wpb-child
[18-Jun-2020 19:48:59 UTC] /wp-content/themes/wpb-child/inc/wp_bootstrap_navwalker.php
[18-Jun-2020 19:48:59 UTC] using child navwalker
[18-Jun-2020 19:48:59 UTC] using child navwalker
[18-Jun-2020 19:48:59 UTC] using child navwalker
[18-Jun-2020 19:48:59 UTC] using child navwalker
[18-Jun-2020 19:48:59 UTC] using child navwalker
[18-Jun-2020 19:48:59 UTC] using child navwalker
[18-Jun-2020 19:48:59 UTC] using child navwalker
[18-Jun-2020 19:48:59 UTC] using child navwalker
[18-Jun-2020 19:48:59 UTC] using child navwalker
[18-Jun-2020 19:48:59 UTC] using child navwalker
[18-Jun-2020 19:48:59 UTC] using child navwalker
[18-Jun-2020 19:48:59 UTC] using child navwalker
[18-Jun-2020 19:48:59 UTC] using child navwalker
[18-Jun-2020 19:48:59 UTC] using child navwalker
[18-Jun-2020 19:48:59 UTC] using child navwalker
[18-Jun-2020 19:48:59 UTC] using child navwalker
[18-Jun-2020 19:49:20 UTC] https://laaldea.co/wp-content/themes/wp-bootstrap-starter
[18-Jun-2020 19:49:20 UTC] https://laaldea.co/wp-content/themes/wpb-child
[18-Jun-2020 19:49:20 UTC] /wp-content/themes/wpb-child/inc/wp_bootstrap_navwalker.php
[18-Jun-2020 19:49:20 UTC] PHP Warning:  require_once(./wp-content/themes/wpb-child/inc/wp_bootstrap_navwalker.php): failed to open stream: No such file or directory in /home/365388.cloudwaysapps.com/wgtrxwbxun/public_html/wp-content/themes/wpb-child/functions.php on line 108
[18-Jun-2020 19:49:20 UTC] PHP Fatal error:  require_once(): Failed opening required './wp-content/themes/wpb-child/inc/wp_bootstrap_navwalker.php' (include_path='.:/usr/share/php') in /home/365388.cloudwaysapps.com/wgtrxwbxun/public_html/wp-content/themes/wpb-child/functions.php on line 108
[18-Jun-2020 19:49:45 UTC] PHP Warning:  require_once(./wp-content/themes/wpb-child/inc/wp_bootstrap_navwalker.php): failed to open stream: No such file or directory in /home/365388.cloudwaysapps.com/wgtrxwbxun/public_html/wp-content/themes/wpb-child/functions.php on line 102
[18-Jun-2020 19:49:45 UTC] PHP Fatal error:  require_once(): Failed opening required './wp-content/themes/wpb-child/inc/wp_bootstrap_navwalker.php' (include_path='.:/usr/share/php') in /home/365388.cloudwaysapps.com/wgtrxwbxun/public_html/wp-content/themes/wpb-child/functions.php on line 102
[18-Jun-2020 19:50:42 UTC] PHP Warning:  require_once(../wp-content/themes/wpb-child/inc/wp_bootstrap_navwalker.php): failed to open stream: No such file or directory in /home/365388.cloudwaysapps.com/wgtrxwbxun/public_html/wp-content/themes/wpb-child/functions.php on line 102
[18-Jun-2020 19:50:42 UTC] PHP Fatal error:  require_once(): Failed opening required '../wp-content/themes/wpb-child/inc/wp_bootstrap_navwalker.php' (include_path='.:/usr/share/php') in /home/365388.cloudwaysapps.com/wgtrxwbxun/public_html/wp-content/themes/wpb-child/functions.php on line 102
